WARNING:tensorflow:From /opt/vitis_ai/conda/envs/vitis-ai-tensorflow/lib/python3.6/site-packages/tensorflow_core/python/tools/freeze_graph.py:127: checkpoint_exists (from tensorflow.python.training.checkpoint_management) is deprecated and will be removed in a future version.
Instructions for updating:
Use standard file APIs to check for files with this prefix.
W0512 11:26:30.444054 140650552145728 deprecation.py:323] From /opt/vitis_ai/conda/envs/vitis-ai-tensorflow/lib/python3.6/site-packages/tensorflow_core/python/tools/freeze_graph.py:127: checkpoint_exists (from tensorflow.python.training.checkpoint_management) is deprecated and will be removed in a future version.
Instructions for updating:
Use standard file APIs to check for files with this prefix.
2023-05-12 11:26:30.509058: I tensorflow/core/platform/cpu_feature_guard.cc:142] Your CPU supports instructions that this TensorFlow binary was not compiled to use: SSE4.1 SSE4.2 AVX AVX2 FMA
2023-05-12 11:26:30.533441: I tensorflow/core/platform/profile_utils/cpu_utils.cc:94] CPU Frequency: 3000000000 Hz
2023-05-12 11:26:30.534020: I tensorflow/compiler/xla/service/service.cc:168] XLA service 0x55d085fc88f0 initialized for platform Host (this does not guarantee that XLA will be used). Devices:
2023-05-12 11:26:30.534032: I tensorflow/compiler/xla/service/service.cc:176]   StreamExecutor device (0): Host, Default Version
INFO:tensorflow:Restoring parameters from ./build/chkpts/float_model.ckpt
I0512 11:26:30.672688 140650552145728 saver.py:1284] Restoring parameters from ./build/chkpts/float_model.ckpt
WARNING:tensorflow:From /opt/vitis_ai/conda/envs/vitis-ai-tensorflow/lib/python3.6/site-packages/tensorflow_core/python/tools/freeze_graph.py:233: convert_variables_to_constants (from tensorflow.python.framework.graph_util_impl) is deprecated and will be removed in a future version.
Instructions for updating:
Use `tf.compat.v1.graph_util.convert_variables_to_constants`
W0512 11:26:30.741043 140650552145728 deprecation.py:323] From /opt/vitis_ai/conda/envs/vitis-ai-tensorflow/lib/python3.6/site-packages/tensorflow_core/python/tools/freeze_graph.py:233: convert_variables_to_constants (from tensorflow.python.framework.graph_util_impl) is deprecated and will be removed in a future version.
Instructions for updating:
Use `tf.compat.v1.graph_util.convert_variables_to_constants`
WARNING:tensorflow:From /opt/vitis_ai/conda/envs/vitis-ai-tensorflow/lib/python3.6/site-packages/tensorflow_core/python/framework/graph_util_impl.py:277: extract_sub_graph (from tensorflow.python.framework.graph_util_impl) is deprecated and will be removed in a future version.
Instructions for updating:
Use `tf.compat.v1.graph_util.extract_sub_graph`
W0512 11:26:30.741254 140650552145728 deprecation.py:323] From /opt/vitis_ai/conda/envs/vitis-ai-tensorflow/lib/python3.6/site-packages/tensorflow_core/python/framework/graph_util_impl.py:277: extract_sub_graph (from tensorflow.python.framework.graph_util_impl) is deprecated and will be removed in a future version.
Instructions for updating:
Use `tf.compat.v1.graph_util.extract_sub_graph`
INFO:tensorflow:Froze 24 variables.
I0512 11:26:30.794606 140650552145728 graph_util_impl.py:334] Froze 24 variables.
INFO:tensorflow:Converted 24 variables to const ops.
I0512 11:26:30.797850 140650552145728 graph_util_impl.py:394] Converted 24 variables to const ops.
