Making list of calibration images..
Command line options:
 --dataset      :  mnist
 --subset       :  test
 --image_dir    :  ./build/quantize/images
 --image_list   :  calib_list.txt
 --label_list   :  
 --image_format :  jpg
 --max_images   :  1000
Vai_q_tensorflow v1.2.0 build for Tensorflow 1.15.2 git version
heads/1.4-0-gd553b442
N/A% (0 of 100) |                        | Elapsed Time: 0:00:00 ETA:  --:--:--
  2% (2 of 100) |                        | Elapsed Time: 0:00:00 ETA:  00:00:00
  6% (6 of 100) |#                       | Elapsed Time: 0:00:00 ETA:   0:00:01
 11% (11 of 100) |##                     | Elapsed Time: 0:00:00 ETA:   0:00:01
 16% (16 of 100) |###                    | Elapsed Time: 0:00:00 ETA:   0:00:01
 21% (21 of 100) |####                   | Elapsed Time: 0:00:00 ETA:   0:00:01
 25% (25 of 100) |#####                  | Elapsed Time: 0:00:00 ETA:   0:00:01
 31% (31 of 100) |#######                | Elapsed Time: 0:00:00 ETA:   0:00:01
 36% (36 of 100) |########               | Elapsed Time: 0:00:00 ETA:   0:00:00
 40% (40 of 100) |#########              | Elapsed Time: 0:00:00 ETA:   0:00:00
 45% (45 of 100) |##########             | Elapsed Time: 0:00:00 ETA:   0:00:00
 49% (49 of 100) |###########            | Elapsed Time: 0:00:00 ETA:   0:00:00
 54% (54 of 100) |############           | Elapsed Time: 0:00:00 ETA:   0:00:00
 57% (57 of 100) |#############          | Elapsed Time: 0:00:00 ETA:   0:00:00
 61% (61 of 100) |##############         | Elapsed Time: 0:00:00 ETA:   0:00:00
 66% (66 of 100) |###############        | Elapsed Time: 0:00:00 ETA:   0:00:00
 73% (73 of 100) |################       | Elapsed Time: 0:00:00 ETA:   0:00:00
 78% (78 of 100) |#################      | Elapsed Time: 0:00:01 ETA:   0:00:00
 82% (82 of 100) |##################     | Elapsed Time: 0:00:01 ETA:   0:00:00
 87% (87 of 100) |####################   | Elapsed Time: 0:00:01 ETA:   0:00:00
 92% (92 of 100) |#####################  | Elapsed Time: 0:00:01 ETA:   0:00:00
 97% (97 of 100) |###################### | Elapsed Time: 0:00:01 ETA:   0:00:00
100% (100 of 100) |######################| Elapsed Time: 0:00:01 Time:  0:00:01
INFO: Checking Float Graph...
INFO: Float Graph Check Done.
INFO: Calibrating for 100 iterations...
INFO: Calibration Done.
INFO: skip create deploy_model.pb
********************* Quantization Summary *********************      
INFO: Output:       
  quantize_eval_model: ./build/quantize/quantize_eval_model.pb 
